<?xml version="1.0" encoding="UTF-8" ?>
<testsuite failures="0" time="2.458" errors="0" skipped="0" tests="1" name="com.yttimes.dolphin.samples.SynchronizationProcessTest">
  <properties>
    <property name="java.runtime.name" value="Java(TM) SE Runtime Environment"/>
    <property name="sun.boot.library.path" value="D:\Java\jdk1.6.0_10\jre\bin"/>
    <property name="java.vm.version" value="11.0-b15"/>
    <property name="java.vm.vendor" value="Sun Microsystems Inc."/>
    <property name="java.vendor.url" value="http://java.sun.com/"/>
    <property name="path.separator" value=";"/>
    <property name="java.vm.name" value="Java HotSpot(TM) Client VM"/>
    <property name="file.encoding.pkg" value="sun.io"/>
    <property name="user.country" value="CN"/>
    <property name="sun.java.launcher" value="SUN_STANDARD"/>
    <property name="sun.os.patch.level" value="Service Pack 1"/>
    <property name="java.vm.specification.name" value="Java Virtual Machine Specification"/>
    <property name="user.dir" value="D:\workspace\dolphin-workflow\dolphin-engine"/>
    <property name="java.runtime.version" value="1.6.0_10-rc2-b32"/>
    <property name="java.awt.graphicsenv" value="sun.awt.Win32GraphicsEnvironment"/>
    <property name="basedir" value="D:\workspace\dolphin-workflow\dolphin-engine"/>
    <property name="java.endorsed.dirs" value="D:\Java\jdk1.6.0_10\jre\lib\endorsed"/>
    <property name="os.arch" value="x86"/>
    <property name="surefire.real.class.path" value="D:\workspace\dolphin-workflow\dolphin-engine\target\surefire\surefirebooter5958.jar"/>
    <property name="java.io.tmpdir" value="C:\Users\li\AppData\Local\Temp\"/>
    <property name="line.separator" value="
"/>
    <property name="java.vm.specification.vendor" value="Sun Microsystems Inc."/>
    <property name="user.variant" value=""/>
    <property name="os.name" value="Windows Vista"/>
    <property name="sun.jnu.encoding" value="GBK"/>
    <property name="java.library.path" value="D:\Java\jdk1.6.0_10\jre\bin;.;C:\Windows\Sun\Java\bin;C:\Windows\system32;C:\Windows;D:\oracle\product\10.2.0\client_1;C:\Windows\system32;C:\Windows;C:\Windows\System32\Wbem;C:\Windows\System32\WindowsPowerShell\v1.0\;C:\Program Files\Git\cmd;C:\Program Files\Tencent\QQPCMgr\6.2.2021.201;D:\Java\jdk1.6.0_10\bin;D:\apache-ant-1.7.1\bin;D:\apache-maven-3.0.3\bin;D:\scala-2.9.0.final\bin;;E:\3party\gradle-1.0-milestone-3\bin;D:\play-1.2.1;C:\Program Files\Tencent\QQPCMgr\6.2.2021.201"/>
    <property name="surefire.test.class.path" value="D:\workspace\dolphin-workflow\dolphin-engine\target\test-classes;D:\workspace\dolphin-workflow\dolphin-engine\target\classes;C:\Users\li\.m2\repository\junit\junit\4.8.2\junit-4.8.2.jar;C:\Users\li\.m2\repository\org\hibernate\hibernate-entitymanager\3.6.6.Final\hibernate-entitymanager-3.6.6.Final.jar;C:\Users\li\.m2\repository\org\hibernate\hibernate-core\3.6.6.Final\hibernate-core-3.6.6.Final.jar;C:\Users\li\.m2\repository\antlr\antlr\2.7.6\antlr-2.7.6.jar;C:\Users\li\.m2\repository\commons-collections\commons-collections\3.1\commons-collections-3.1.jar;C:\Users\li\.m2\repository\dom4j\dom4j\1.6.1\dom4j-1.6.1.jar;C:\Users\li\.m2\repository\org\hibernate\hibernate-commons-annotations\3.2.0.Final\hibernate-commons-annotations-3.2.0.Final.jar;C:\Users\li\.m2\repository\javassist\javassist\3.12.0.GA\javassist-3.12.0.GA.jar;C:\Users\li\.m2\repository\org\hibernate\javax\persistence\hibernate-jpa-2.0-api\1.0.1.Final\hibernate-jpa-2.0-api-1.0.1.Final.jar;C:\Users\li\.m2\repository\org\slf4j\slf4j-api\1.6.1\slf4j-api-1.6.1.jar;C:\Users\li\.m2\repository\org\codehaus\btm\btm\2.1.1\btm-2.1.1.jar;C:\Users\li\.m2\repository\javax\transaction\jta\1.1\jta-1.1.jar;C:\Users\li\.m2\repository\cglib\cglib\2.2.2\cglib-2.2.2.jar;C:\Users\li\.m2\repository\asm\asm\3.3.1\asm-3.3.1.jar;C:\Users\li\.m2\repository\log4j\log4j\1.2.16\log4j-1.2.16.jar;C:\Users\li\.m2\repository\org\slf4j\slf4j-log4j12\1.6.1\slf4j-log4j12-1.6.1.jar;C:\Users\li\.m2\repository\mysql\mysql-connector-java\5.1.17\mysql-connector-java-5.1.17.jar;"/>
    <property name="java.specification.name" value="Java Platform API Specification"/>
    <property name="java.class.version" value="50.0"/>
    <property name="sun.management.compiler" value="HotSpot Client Compiler"/>
    <property name="os.version" value="6.1"/>
    <property name="user.home" value="C:\Users\li"/>
    <property name="user.timezone" value="Asia/Shanghai"/>
    <property name="java.awt.printerjob" value="sun.awt.windows.WPrinterJob"/>
    <property name="java.specification.version" value="1.6"/>
    <property name="file.encoding" value="GBK"/>
    <property name="user.name" value="li"/>
    <property name="java.class.path" value="D:\workspace\dolphin-workflow\dolphin-engine\target\test-classes;D:\workspace\dolphin-workflow\dolphin-engine\target\classes;C:\Users\li\.m2\repository\junit\junit\4.8.2\junit-4.8.2.jar;C:\Users\li\.m2\repository\org\hibernate\hibernate-entitymanager\3.6.6.Final\hibernate-entitymanager-3.6.6.Final.jar;C:\Users\li\.m2\repository\org\hibernate\hibernate-core\3.6.6.Final\hibernate-core-3.6.6.Final.jar;C:\Users\li\.m2\repository\antlr\antlr\2.7.6\antlr-2.7.6.jar;C:\Users\li\.m2\repository\commons-collections\commons-collections\3.1\commons-collections-3.1.jar;C:\Users\li\.m2\repository\dom4j\dom4j\1.6.1\dom4j-1.6.1.jar;C:\Users\li\.m2\repository\org\hibernate\hibernate-commons-annotations\3.2.0.Final\hibernate-commons-annotations-3.2.0.Final.jar;C:\Users\li\.m2\repository\javassist\javassist\3.12.0.GA\javassist-3.12.0.GA.jar;C:\Users\li\.m2\repository\org\hibernate\javax\persistence\hibernate-jpa-2.0-api\1.0.1.Final\hibernate-jpa-2.0-api-1.0.1.Final.jar;C:\Users\li\.m2\repository\org\slf4j\slf4j-api\1.6.1\slf4j-api-1.6.1.jar;C:\Users\li\.m2\repository\org\codehaus\btm\btm\2.1.1\btm-2.1.1.jar;C:\Users\li\.m2\repository\javax\transaction\jta\1.1\jta-1.1.jar;C:\Users\li\.m2\repository\cglib\cglib\2.2.2\cglib-2.2.2.jar;C:\Users\li\.m2\repository\asm\asm\3.3.1\asm-3.3.1.jar;C:\Users\li\.m2\repository\log4j\log4j\1.2.16\log4j-1.2.16.jar;C:\Users\li\.m2\repository\org\slf4j\slf4j-log4j12\1.6.1\slf4j-log4j12-1.6.1.jar;C:\Users\li\.m2\repository\mysql\mysql-connector-java\5.1.17\mysql-connector-java-5.1.17.jar;"/>
    <property name="java.vm.specification.version" value="1.0"/>
    <property name="sun.arch.data.model" value="32"/>
    <property name="java.home" value="D:\Java\jdk1.6.0_10\jre"/>
    <property name="java.specification.vendor" value="Sun Microsystems Inc."/>
    <property name="user.language" value="zh"/>
    <property name="awt.toolkit" value="sun.awt.windows.WToolkit"/>
    <property name="java.vm.info" value="mixed mode, sharing"/>
    <property name="java.version" value="1.6.0_10-rc2"/>
    <property name="java.ext.dirs" value="D:\Java\jdk1.6.0_10\jre\lib\ext;C:\Windows\Sun\Java\lib\ext"/>
    <property name="sun.boot.class.path" value="D:\Java\jdk1.6.0_10\jre\lib\resources.jar;D:\Java\jdk1.6.0_10\jre\lib\rt.jar;D:\Java\jdk1.6.0_10\jre\lib\sunrsasign.jar;D:\Java\jdk1.6.0_10\jre\lib\jsse.jar;D:\Java\jdk1.6.0_10\jre\lib\jce.jar;D:\Java\jdk1.6.0_10\jre\lib\charsets.jar;D:\Java\jdk1.6.0_10\jre\classes"/>
    <property name="java.vendor" value="Sun Microsystems Inc."/>
    <property name="localRepository" value="C:\Users\li\.m2\repository"/>
    <property name="file.separator" value="\"/>
    <property name="java.vendor.url.bug" value="http://java.sun.com/cgi-bin/bugreport.cgi"/>
    <property name="sun.cpu.endian" value="little"/>
    <property name="sun.io.unicode.encoding" value="UnicodeLittle"/>
    <property name="sun.desktop" value="windows"/>
    <property name="sun.cpu.isalist" value="pentium_pro+mmx pentium_pro pentium+mmx pentium i486 i386 i86"/>
  </properties>
  <testcase time="0.183" classname="com.yttimes.dolphin.samples.SynchronizationProcessTest" name="testSynchronizationProcess"/>
</testsuite>